<?xml version="1.0" encoding="UTF-8"?>
<!-- Generated by org.testng.reporters.JUnitXMLReporter -->
<testsuite ignored="0" hostname="DESKTOP-QJLSV9M" failures="2" tests="8" name="RESTAPITest" time="6.229" errors="0" timestamp="2023-05-17T10:33:12 IST">
  <testcase classname="com.api.FTValidations.LoginFTValidations" name="RestApiLoginValidations" time="3.344"/>
  <testcase classname="com.api.FTValidations.LoginFTValidations" name="RestApiLoginValidations" time="0.14"/>
  <testcase classname="com.api.FTValidations.LoginFTValidations" name="RestApiLoginValidations" time="0.137"/>
  <testcase classname="com.api.FTValidations.LoginFTValidations" name="RestApiLoginValidations" time="0.123"/>
  <testcase classname="com.api.FTValidations.LoginFTValidations" name="RestApiLoginValidations" time="0.112"/>
  <testcase classname="com.api.FTValidations.LoginFTValidations" name="RestApiLoginValidations" time="0.121">
    <failure type="java.lang.AssertionError" message="Expected status code is  Incorrect expected [400] but found [500]">
      <![CDATA[java.lang.AssertionError: Expected status code is  Incorrect expected [400] but found [500]
at com.api.FTValidations.LoginFTValidations.RestApiLoginValidations(LoginFTValidations.java:59)
at java.base/java.util.ArrayList.forEach(ArrayList.java:1511)
... Removed 36 stack frames]]>
    </failure>
  </testcase> <!-- RestApiLoginValidations -->
  <testcase classname="com.api.FTValidations.LoginFTValidations" name="RestApiLoginValidations" time="0.15"/>
  <testcase classname="com.api.FTValidations.LoginFTValidations" name="RestApiLoginValidations" time="5.767">
    <failure type="org.testng.internal.reflect.MethodMatcherException" message="
[public void com.api.FTValidations.LoginFTValidations.RestApiLoginValidations(java.lang.String,java.lang.String,java.lang.String,double,java.lang.String,java.lang.String)] has no parameters defined but was found to be using a data provider (either explicitly specified or inherited from class level annotation).
Data provider mismatch
Method: RestApiLoginValidations([java.lang.String arg0, java.lang.String arg1, java.lang.String arg2, double arg3, java.lang.String arg4, java.lang.String arg5])
Arguments: [null,null,null,null]">
      <![CDATA[org.testng.internal.reflect.MethodMatcherException: 
[public void com.api.FTValidations.LoginFTValidations.RestApiLoginValidations(java.lang.String,java.lang.String,java.lang.String,double,java.lang.String,java.lang.String)] has no parameters defined but was found to be using a data provider (either explicitly specified or inherited from class level annotation).
Data provider mismatch
Method: RestApiLoginValidations([java.lang.String arg0, java.lang.String arg1, java.lang.String arg2, double arg3, java.lang.String arg4, java.lang.String arg5])
Arguments: [null,null,null,null]
at java.base/java.util.ArrayList.forEach(ArrayList.java:1511)
... Removed 25 stack frames]]>
    </failure>
  </testcase> <!-- RestApiLoginValidations -->
</testsuite> <!-- RESTAPITest -->
