<?xml version="1.0" encoding="UTF-8"?>
<testsuite name="TestSuite" time="3.358" tests="8" errors="0" skipped="0" failures="2">
  <properties>
[...]
</properties>
  <testcase name="RestApiLoginValidations" classname="com.api.FTValidations.LoginFTValidations" time="3.358"/>
  <testcase name="RestApiLoginValidations" classname="com.api.FTValidations.LoginFTValidations" time="0.138"/>
  <testcase name="RestApiLoginValidations" classname="com.api.FTValidations.LoginFTValidations" time="0.129"/>
  <testcase name="RestApiLoginValidations" classname="com.api.FTValidations.LoginFTValidations" time="0.123"/>
  <testcase name="RestApiLoginValidations" classname="com.api.FTValidations.LoginFTValidations" time="0.114"/>
  <testcase name="RestApiLoginValidations" classname="com.api.FTValidations.LoginFTValidations" time="0.134">
    <failure message="Expected status code is  Incorrect expected [400] but found [500]" type="java.lang.AssertionError">java.lang.AssertionError: Expected status code is  Incorrect expected [400] but found [500]
	at org.testng.Assert.fail(Assert.java:110)
	at org.testng.Assert.failNotEquals(Assert.java:1577)
	at org.testng.Assert.assertEqualsImpl(Assert.java:149)
	at org.testng.Assert.assertEquals(Assert.java:131)
	at org.testng.Assert.assertEquals(Assert.java:1418)
	at org.testng.Assert.assertEquals(Assert.java:1382)
	at com.api.FTValidations.LoginFTValidations.RestApiLoginValidations(LoginFTValidations.java:59)
</failure>
  </testcase>
  <testcase name="RestApiLoginValidations" classname="com.api.FTValidations.LoginFTValidations" time="0.152"/>
  <testcase name="RestApiLoginValidations" classname="com.api.FTValidations.LoginFTValidations" time="0.161">
    <failure message="&#10;[public void com.api.FTValidations.LoginFTValidations.RestApiLoginValidations(java.lang.String,java.lang.String,java.lang.String,double,java.lang.String,java.lang.String)] has no parameters defined but was found to be using a data provider (either explicitly specified or inherited from class level annotation).&#10;Data provider mismatch&#10;Method: RestApiLoginValidations([java.lang.String arg0, java.lang.String arg1, java.lang.String arg2, double arg3, java.lang.String arg4, java.lang.String arg5])&#10;Arguments: [null,null,null,null]" type="org.testng.internal.reflect.MethodMatcherException">org.testng.internal.reflect.MethodMatcherException: 
[public void com.api.FTValidations.LoginFTValidations.RestApiLoginValidations(java.lang.String,java.lang.String,java.lang.String,double,java.lang.String,java.lang.String)] has no parameters defined but was found to be using a data provider (either explicitly specified or inherited from class level annotation).
Data provider mismatch
Method: RestApiLoginValidations([java.lang.String arg0, java.lang.String arg1, java.lang.String arg2, double arg3, java.lang.String arg4, java.lang.String arg5])
Arguments: [null,null,null,null]
	at org.testng.internal.reflect.DataProviderMethodMatcher.getConformingArguments(DataProviderMethodMatcher.java:46)
	at org.testng.internal.Parameters.injectParameters(Parameters.java:909)
	at org.testng.internal.invokers.MethodRunner.runInSequence(MethodRunner.java:37)
	at org.testng.internal.invokers.TestInvoker$MethodInvocationAgent.invoke(TestInvoker.java:969)
	at org.testng.internal.invokers.TestInvoker.invokeTestMethods(TestInvoker.java:194)
	at org.testng.internal.invokers.TestMethodWorker.invokeTestMethods(TestMethodWorker.java:148)
	at org.testng.internal.invokers.TestMethodWorker.run(TestMethodWorker.java:128)
	at java.base/java.util.ArrayList.forEach(ArrayList.java:1511)
	at org.testng.TestRunner.privateRun(TestRunner.java:829)
	at org.testng.TestRunner.run(TestRunner.java:602)
	at org.testng.SuiteRunner.runTest(SuiteRunner.java:437)
	at org.testng.SuiteRunner.runSequentially(SuiteRunner.java:431)
	at org.testng.SuiteRunner.privateRun(SuiteRunner.java:391)
	at org.testng.SuiteRunner.run(SuiteRunner.java:330)
	at org.testng.SuiteRunnerWorker.runSuite(SuiteRunnerWorker.java:52)
	at org.testng.SuiteRunnerWorker.run(SuiteRunnerWorker.java:95)
	at org.testng.TestNG.runSuitesSequentially(TestNG.java:1256)
	at org.testng.TestNG.runSuitesLocally(TestNG.java:1176)
	at org.testng.TestNG.runSuites(TestNG.java:1099)
	at org.testng.TestNG.run(TestNG.java:1067)
	at org.apache.maven.surefire.testng.TestNGExecutor.run(TestNGExecutor.java:295)
	at org.apache.maven.surefire.testng.TestNGXmlTestSuite.execute(TestNGXmlTestSuite.java:84)
	at org.apache.maven.surefire.testng.TestNGProvider.invoke(TestNGProvider.java:90)
	at org.apache.maven.surefire.booter.ForkedBooter.invokeProviderInSameClassLoader(ForkedBooter.java:203)
	at org.apache.maven.surefire.booter.ForkedBooter.runSuitesInProcess(ForkedBooter.java:155)
	at org.apache.maven.surefire.booter.ForkedBooter.main(ForkedBooter.java:103)
</failure>
  </testcase>
</testsuite>