<?xml version="1.0" encoding="UTF-8"?>
<!-- Generated by org.testng.reporters.JUnitXMLReporter -->
<testsuite ignored="0" hostname="DESKTOP-QJLSV9M" failures="6" tests="6" name="RESTAPITest" time="7.199" errors="0" timestamp="2023-05-02T13:27:51 IST">
  <testcase classname="api.utilies.ExcelReaderDataProviderExample" name="createUser" time="2.684">
    <failure type="java.lang.AssertionError" message="expected [200] but found [415]">
      <![CDATA[java.lang.AssertionError: expected [200] but found [415]
at api.utilies.ExcelReaderDataProviderExample.createUser(ExcelReaderDataProviderExample.java:171)
at java.base/java.util.ArrayList.forEach(ArrayList.java:1511)
... Removed 32 stack frames]]>
    </failure>
  </testcase> <!-- createUser -->
  <testcase classname="api.utilies.ExcelReaderDataProviderExample" name="createUser" time="0.747">
    <failure type="java.lang.AssertionError" message="expected [200] but found [500]">
      <![CDATA[java.lang.AssertionError: expected [200] but found [500]
at api.utilies.ExcelReaderDataProviderExample.createUser(ExcelReaderDataProviderExample.java:171)
at java.base/java.util.ArrayList.forEach(ArrayList.java:1511)
... Removed 32 stack frames]]>
    </failure>
  </testcase> <!-- createUser -->
  <testcase classname="api.utilies.ExcelReaderDataProviderExample" name="createUser" time="0.462">
    <failure type="java.lang.AssertionError" message="1 expectation failed.
Expected status code &amp;lt;200&amp;gt; but was &amp;lt;400&amp;gt;.
">
      <![CDATA[java.lang.AssertionError: 1 expectation failed.
Expected status code <200> but was <400>.

at org.codehaus.groovy.runtime.callsite.ConstructorSite$ConstructorSiteNoUnwrapNoCoerce.callConstructor(ConstructorSite.java:108)
at org.codehaus.groovy.runtime.callsite.CallSiteArray.defaultCallConstructor(CallSiteArray.java:57)
at org.codehaus.groovy.runtime.callsite.AbstractCallSite.callConstructor(AbstractCallSite.java:263)
at org.codehaus.groovy.runtime.callsite.AbstractCallSite.callConstructor(AbstractCallSite.java:277)
at io.restassured.internal.ResponseSpecificationImpl$HamcrestAssertionClosure.validate(ResponseSpecificationImpl.groovy:512)
at io.restassured.internal.ResponseSpecificationImpl$HamcrestAssertionClosure$validate$1.call(Unknown Source)
at org.codehaus.groovy.runtime.callsite.CallSiteArray.defaultCall(CallSiteArray.java:45)
at org.codehaus.groovy.runtime.callsite.AbstractCallSite.call(AbstractCallSite.java:125)
at org.codehaus.groovy.runtime.callsite.AbstractCallSite.call(AbstractCallSite.java:139)
at io.restassured.internal.ResponseSpecificationImpl.validateResponseIfRequired(ResponseSpecificationImpl.groovy:696)
at io.restassured.internal.ResponseSpecificationImpl.this$2$validateResponseIfRequired(ResponseSpecificationImpl.groovy)
at org.codehaus.groovy.runtime.callsite.PlainObjectMetaMethodSite.doInvoke(PlainObjectMetaMethodSite.java:43)
at org.codehaus.groovy.runtime.callsite.PogoMetaMethodSite$PogoCachedMethodSiteNoUnwrapNoCoerce.invoke(PogoMetaMethodSite.java:198)
at org.codehaus.groovy.runtime.callsite.PogoMetaMethodSite.callCurrent(PogoMetaMethodSite.java:62)
at org.codehaus.groovy.runtime.callsite.CallSiteArray.defaultCallCurrent(CallSiteArray.java:49)
at org.codehaus.groovy.runtime.callsite.AbstractCallSite.callCurrent(AbstractCallSite.java:171)
at org.codehaus.groovy.runtime.callsite.AbstractCallSite.callCurrent(AbstractCallSite.java:185)
at io.restassured.internal.ResponseSpecificationImpl.statusCode(ResponseSpecificationImpl.groovy:135)
at io.restassured.specification.ResponseSpecification$statusCode$0.callCurrent(Unknown Source)
at org.codehaus.groovy.runtime.callsite.CallSiteArray.defaultCallCurrent(CallSiteArray.java:49)
at org.codehaus.groovy.runtime.callsite.AbstractCallSite.callCurrent(AbstractCallSite.java:171)
at org.codehaus.groovy.runtime.callsite.AbstractCallSite.callCurrent(AbstractCallSite.java:185)
at io.restassured.internal.ResponseSpecificationImpl.statusCode(ResponseSpecificationImpl.groovy:143)
at io.restassured.internal.ValidatableResponseOptionsImpl.statusCode(ValidatableResponseOptionsImpl.java:89)
at api.utilies.ExcelReaderDataProviderExample.createUser(ExcelReaderDataProviderExample.java:137)
at java.base/java.util.ArrayList.forEach(ArrayList.java:1511)
... Removed 31 stack frames]]>
    </failure>
  </testcase> <!-- createUser -->
  <testcase classname="api.utilies.ExcelReaderDataProviderExample" name="createUser" time="0.381">
    <failure type="java.lang.AssertionError" message="expected [200] but found [415]">
      <![CDATA[java.lang.AssertionError: expected [200] but found [415]
at api.utilies.ExcelReaderDataProviderExample.createUser(ExcelReaderDataProviderExample.java:171)
at java.base/java.util.ArrayList.forEach(ArrayList.java:1511)
... Removed 32 stack frames]]>
    </failure>
  </testcase> <!-- createUser -->
  <testcase classname="api.utilies.ExcelReaderDataProviderExample" name="createUser" time="0.384">
    <failure type="java.lang.AssertionError" message="expected [expectedresponse] but found [&amp;lt;!DOCTYPE html&amp;gt;
&amp;lt;html lang=&amp;quot;en&amp;quot;&amp;gt;
&amp;lt;head&amp;gt;
&amp;lt;meta charset=&amp;quot;utf-8&amp;quot;&amp;gt;
&amp;lt;title&amp;gt;Error&amp;lt;/title&amp;gt;
&amp;lt;/head&amp;gt;
&amp;lt;body&amp;gt;
&amp;lt;pre&amp;gt;Unsupported Media Type&amp;lt;/pre&amp;gt;
&amp;lt;/body&amp;gt;
&amp;lt;/html&amp;gt;
]">
      <![CDATA[java.lang.AssertionError: expected [expectedresponse] but found [<!DOCTYPE html>
<html lang="en">
<head>
<meta charset="utf-8">
<title>Error</title>
</head>
<body>
<pre>Unsupported Media Type</pre>
</body>
</html>
]
at api.utilies.ExcelReaderDataProviderExample.createUser(ExcelReaderDataProviderExample.java:180)
at java.base/java.util.ArrayList.forEach(ArrayList.java:1511)
... Removed 31 stack frames]]>
    </failure>
  </testcase> <!-- createUser -->
  <testcase classname="api.utilies.ExcelReaderDataProviderExample" name="createUser" time="0.996">
    <failure type="java.lang.AssertionError" message="expected [201] but found [200]">
      <![CDATA[java.lang.AssertionError: expected [201] but found [200]
at api.utilies.ExcelReaderDataProviderExample.createUser(ExcelReaderDataProviderExample.java:115)
at java.base/java.util.ArrayList.forEach(ArrayList.java:1511)
... Removed 32 stack frames]]>
    </failure>
  </testcase> <!-- createUser -->
</testsuite> <!-- RESTAPITest -->
