<?xml version="1.0" encoding="UTF-8"?>
<!-- Generated by org.testng.reporters.JUnitXMLReporter -->
<testsuite ignored="0" hostname="DESKTOP-QJLSV9M" failures="4" tests="4" name="RESTAPITest" time="5.217" errors="0" timestamp="2023-04-28T15:50:39 IST">
  <testcase classname="api.utilies.ExcelReaderDataProviderExample" name="createUser" time="2.937">
    <failure type="java.lang.AssertionError" message="expected [expectedresponsebody] but found [&amp;lt;!DOCTYPE html&amp;gt;
&amp;lt;html&amp;gt;
&amp;lt;head&amp;gt;
&amp;lt;meta http-equiv=&amp;quot;Content-Type&amp;quot; content=&amp;quot;text/html; charset=utf-8&amp;quot; /&amp;gt;
&amp;lt;title&amp;gt;My-Api: The Ultimate SMTP Relay Service&amp;lt;/title&amp;gt;
&amp;lt;link href=&amp;quot;style.css&amp;quot; rel=&amp;quot;stylesheet&amp;quot; type=&amp;quot;text/css&amp;quot;&amp;gt;
&amp;lt;/head&amp;gt;

&amp;lt;body&amp;gt;
&amp;lt;div id=&amp;quot;wrap&amp;quot;&amp;gt;
  &amp;lt;div id=&amp;quot;header&amp;quot;&amp;gt;
    &amp;lt;div class=&amp;quot;inner&amp;quot;&amp;gt;&amp;lt;img src=&amp;quot;slogan.png&amp;quot; width=&amp;quot;445&amp;quot; height=&amp;quot;44&amp;quot; alt=&amp;quot;The Ultimate SMTP Relay Service&amp;quot;/&amp;gt;&amp;lt;/div&amp;gt;
  &amp;lt;/div&amp;gt;
  &amp;lt;div id=&amp;quot;logo&amp;quot;&amp;gt;&amp;lt;img src=&amp;quot;logo.png&amp;quot; width=&amp;quot;343&amp;quot; height=&amp;quot;228&amp;quot; alt=&amp;quot;My-Api&amp;quot;/&amp;gt;&amp;lt;/div&amp;gt;
  &amp;lt;div id=&amp;quot;main&amp;quot;&amp;gt;
    &amp;lt;p&amp;gt;My-Api is the cutting edge email delivery solution which integrates a reliable SMTP delivery service with your email account. This tool lets you send transactional emails, including those from your ecommerce store, with high deliverability rate and advanced statistic features.&amp;lt;/p&amp;gt;
    &amp;lt;p&amp;gt;Convenient SMTP relay that integrates easily with the solutions you&amp;apos;re accustomed to. This high deliverability tool fits right into your email account.&amp;lt;/p&amp;gt;
    &amp;lt;p&amp;gt;With no extra costs involved, you can rest assured that your transactional emails will always be delivered. No more double checking, confusion and complaints from your customers!&amp;lt;/p&amp;gt;
    &amp;lt;p&amp;gt;My-Api equips you with advanced stats, so you and your team can go deep into statistics down to the recipient level.&amp;lt;/p&amp;gt;
    &amp;lt;p class=&amp;quot;alloc&amp;quot;&amp;gt;Why do I need a hosted SMTP service like My-Api?&amp;lt;/p&amp;gt;
    &amp;lt;p&amp;gt;This won&amp;apos;t come as a surprise that many businesses face problems with email deliverability, especially when it comes to emails sent from a website or web applications. Sometimes this also happens to emails sent from desktop clients, like Outlook. The fact gets even more frustrating when it concerns emails sent by your eStore or an eCommerce application, or any other transactional messages. Wouldn&amp;apos;t you want to know where these emails go?&amp;lt;/p&amp;gt;
    &amp;lt;p&amp;gt;My-Api is the answer to this problem as it provides users with high deliverability and advanced tracking, all the way down to the recipient level. This is what technicians call &amp;apos;SMTP relay service&amp;apos;. My-Api provides you with a hosted SMTP server built into your email account. So not only can you use your My-Api email to create and send your email blasts and campaigns, but also for personal and transactional emails. My-Api makes it easy to have it all!&amp;lt;/p&amp;gt;
    &amp;lt;p&amp;gt;Here&amp;apos;s how it works:&amp;lt;/p&amp;gt;
    &amp;lt;ul&amp;gt;
      &amp;lt;li&amp;gt;Set up your eCommerce store to use My-Api as the SMTP server to send automated transactional messages (this includes order confirmations, payment receipts, etc).
      &amp;lt;li&amp;gt;Configure your website or blog (Joomla or Wordpress based) to send emails through My-Api (new post notifications, subscription confirmations etc).
      &amp;lt;li&amp;gt;Configure your email client (Outlook, Bat, iMail etc) to send messages via My-Api.
    &amp;lt;/ul&amp;gt;
  &amp;lt;/div&amp;gt;
  &amp;lt;div id=&amp;quot;space&amp;quot;&amp;gt;&amp;lt;/div&amp;gt;
&amp;lt;/div&amp;gt;
&amp;lt;div id=&amp;quot;footer&amp;quot;&amp;gt;&amp;amp;nbsp;&amp;lt;/div&amp;gt;
&amp;lt;/body&amp;gt;
&amp;lt;/html&amp;gt;]">
      <![CDATA[java.lang.AssertionError: expected [expectedresponsebody] but found [<!DOCTYPE html>
<html>
<head>
<meta http-equiv="Content-Type" content="text/html; charset=utf-8" />
<title>My-Api: The Ultimate SMTP Relay Service</title>
<link href="style.css" rel="stylesheet" type="text/css">
</head>

<body>
<div id="wrap">
  <div id="header">
    <div class="inner"><img src="slogan.png" width="445" height="44" alt="The Ultimate SMTP Relay Service"/></div>
  </div>
  <div id="logo"><img src="logo.png" width="343" height="228" alt="My-Api"/></div>
  <div id="main">
    <p>My-Api is the cutting edge email delivery solution which integrates a reliable SMTP delivery service with your email account. This tool lets you send transactional emails, including those from your ecommerce store, with high deliverability rate and advanced statistic features.</p>
    <p>Convenient SMTP relay that integrates easily with the solutions you're accustomed to. This high deliverability tool fits right into your email account.</p>
    <p>With no extra costs involved, you can rest assured that your transactional emails will always be delivered. No more double checking, confusion and complaints from your customers!</p>
    <p>My-Api equips you with advanced stats, so you and your team can go deep into statistics down to the recipient level.</p>
    <p class="alloc">Why do I need a hosted SMTP service like My-Api?</p>
    <p>This won't come as a surprise that many businesses face problems with email deliverability, especially when it comes to emails sent from a website or web applications. Sometimes this also happens to emails sent from desktop clients, like Outlook. The fact gets even more frustrating when it concerns emails sent by your eStore or an eCommerce application, or any other transactional messages. Wouldn't you want to know where these emails go?</p>
    <p>My-Api is the answer to this problem as it provides users with high deliverability and advanced tracking, all the way down to the recipient level. This is what technicians call 'SMTP relay service'. My-Api provides you with a hosted SMTP server built into your email account. So not only can you use your My-Api email to create and send your email blasts and campaigns, but also for personal and transactional emails. My-Api makes it easy to have it all!</p>
    <p>Here's how it works:</p>
    <ul>
      <li>Set up your eCommerce store to use My-Api as the SMTP server to send automated transactional messages (this includes order confirmations, payment receipts, etc).
      <li>Configure your website or blog (Joomla or Wordpress based) to send emails through My-Api (new post notifications, subscription confirmations etc).
      <li>Configure your email client (Outlook, Bat, iMail etc) to send messages via My-Api.
    </ul>
  </div>
  <div id="space"></div>
</div>
<div id="footer">&nbsp;</div>
</body>
</html>]
at api.utilies.ExcelReaderDataProviderExample.createUser(ExcelReaderDataProviderExample.java:122)
at java.base/java.util.ArrayList.forEach(ArrayList.java:1511)
... Removed 31 stack frames]]>
    </failure>
  </testcase> <!-- createUser -->
  <testcase classname="api.utilies.ExcelReaderDataProviderExample" name="createUser" time="0.456">
    <failure type="java.lang.AssertionError" message="expected [200] but found [415]">
      <![CDATA[java.lang.AssertionError: expected [200] but found [415]
at api.utilies.ExcelReaderDataProviderExample.createUser(ExcelReaderDataProviderExample.java:168)
at java.base/java.util.ArrayList.forEach(ArrayList.java:1511)
... Removed 32 stack frames]]>
    </failure>
  </testcase> <!-- createUser -->
  <testcase classname="api.utilies.ExcelReaderDataProviderExample" name="createUser" time="0.466">
    <failure type="java.lang.AssertionError" message="1 expectation failed.
Expected status code &amp;lt;200&amp;gt; but was &amp;lt;400&amp;gt;.
">
      <![CDATA[java.lang.AssertionError: 1 expectation failed.
Expected status code <200> but was <400>.

at org.codehaus.groovy.runtime.callsite.ConstructorSite$ConstructorSiteNoUnwrapNoCoerce.callConstructor(ConstructorSite.java:108)
at org.codehaus.groovy.runtime.callsite.CallSiteArray.defaultCallConstructor(CallSiteArray.java:57)
at org.codehaus.groovy.runtime.callsite.AbstractCallSite.callConstructor(AbstractCallSite.java:263)
at org.codehaus.groovy.runtime.callsite.AbstractCallSite.callConstructor(AbstractCallSite.java:277)
at io.restassured.internal.ResponseSpecificationImpl$HamcrestAssertionClosure.validate(ResponseSpecificationImpl.groovy:512)
at io.restassured.internal.ResponseSpecificationImpl$HamcrestAssertionClosure$validate$1.call(Unknown Source)
at org.codehaus.groovy.runtime.callsite.CallSiteArray.defaultCall(CallSiteArray.java:45)
at org.codehaus.groovy.runtime.callsite.AbstractCallSite.call(AbstractCallSite.java:125)
at org.codehaus.groovy.runtime.callsite.AbstractCallSite.call(AbstractCallSite.java:139)
at io.restassured.internal.ResponseSpecificationImpl.validateResponseIfRequired(ResponseSpecificationImpl.groovy:696)
at io.restassured.internal.ResponseSpecificationImpl.this$2$validateResponseIfRequired(ResponseSpecificationImpl.groovy)
at org.codehaus.groovy.runtime.callsite.PlainObjectMetaMethodSite.doInvoke(PlainObjectMetaMethodSite.java:43)
at org.codehaus.groovy.runtime.callsite.PogoMetaMethodSite$PogoCachedMethodSiteNoUnwrapNoCoerce.invoke(PogoMetaMethodSite.java:198)
at org.codehaus.groovy.runtime.callsite.PogoMetaMethodSite.callCurrent(PogoMetaMethodSite.java:62)
at org.codehaus.groovy.runtime.callsite.CallSiteArray.defaultCallCurrent(CallSiteArray.java:49)
at org.codehaus.groovy.runtime.callsite.AbstractCallSite.callCurrent(AbstractCallSite.java:171)
at org.codehaus.groovy.runtime.callsite.AbstractCallSite.callCurrent(AbstractCallSite.java:185)
at io.restassured.internal.ResponseSpecificationImpl.statusCode(ResponseSpecificationImpl.groovy:135)
at io.restassured.specification.ResponseSpecification$statusCode$0.callCurrent(Unknown Source)
at org.codehaus.groovy.runtime.callsite.CallSiteArray.defaultCallCurrent(CallSiteArray.java:49)
at org.codehaus.groovy.runtime.callsite.AbstractCallSite.callCurrent(AbstractCallSite.java:171)
at org.codehaus.groovy.runtime.callsite.AbstractCallSite.callCurrent(AbstractCallSite.java:185)
at io.restassured.internal.ResponseSpecificationImpl.statusCode(ResponseSpecificationImpl.groovy:143)
at io.restassured.internal.ValidatableResponseOptionsImpl.statusCode(ValidatableResponseOptionsImpl.java:89)
at api.utilies.ExcelReaderDataProviderExample.createUser(ExcelReaderDataProviderExample.java:135)
at java.base/java.util.ArrayList.forEach(ArrayList.java:1511)
... Removed 31 stack frames]]>
    </failure>
  </testcase> <!-- createUser -->
  <testcase classname="api.utilies.ExcelReaderDataProviderExample" name="createUser" time="4.772">
    <failure type="org.testng.internal.reflect.MethodMatcherException" message="
[public void api.utilies.ExcelReaderDataProviderExample.createUser(java.lang.String,java.lang.String,java.lang.String,java.lang.String,double,java.lang.String)] has no parameters defined but was found to be using a data provider (either explicitly specified or inherited from class level annotation).
Data provider mismatch
Method: createUser([java.lang.String arg0, java.lang.String arg1, java.lang.String arg2, java.lang.String arg3, double arg4, java.lang.String arg5])
Arguments: [null]">
      <![CDATA[org.testng.internal.reflect.MethodMatcherException: 
[public void api.utilies.ExcelReaderDataProviderExample.createUser(java.lang.String,java.lang.String,java.lang.String,java.lang.String,double,java.lang.String)] has no parameters defined but was found to be using a data provider (either explicitly specified or inherited from class level annotation).
Data provider mismatch
Method: createUser([java.lang.String arg0, java.lang.String arg1, java.lang.String arg2, java.lang.String arg3, double arg4, java.lang.String arg5])
Arguments: [null]
at java.base/java.util.ArrayList.forEach(ArrayList.java:1511)
... Removed 22 stack frames]]>
    </failure>
  </testcase> <!-- createUser -->
</testsuite> <!-- RESTAPITest -->
